<?xml version="1.0" encoding="UTF-8"?>
<!-- Generated by org.testng.reporters.JUnitXMLReporter -->
<testsuite hostname="USC-W-2406ST2" ignored="0" name="Default test" tests="3" failures="0" timestamp="11 Jul 2019 21:05:38 GMT" time="37.642" errors="0">
  <testcase name="validateDisplayMessagesTest" time="2.703" classname="test.calcColPageNewBtnTest"/>
  <testcase name="validateCancelNoBtnTest" time="3.139" classname="test.calcColPageNewBtnTest"/>
  <testcase name="validateCancelYesBtnTest" time="4.15" classname="test.calcColPageNewBtnTest"/>
</testsuite> <!-- Default test -->
