<?xml version="1.0" encoding="UTF-8"?>
<testng-results skipped="0" failed="0" ignored="0" total="3" passed="3">
  <reporter-output>
  </reporter-output>
  <suite name="Default suite" duration-ms="37642" started-at="2019-07-11T21:05:00Z" finished-at="2019-07-11T21:05:38Z">
    <groups>
    </groups>
    <test name="Default test" duration-ms="37642" started-at="2019-07-11T21:05:00Z" finished-at="2019-07-11T21:05:38Z">
      <class name="test.calcColPageNewBtnTest">
        <test-method status="PASS" signature="setUp()[pri:0, instance:test.calcColPageNewBtnTest@4f18837a]" name="setUp" is-config="true" duration-ms="2199" started-at="2019-07-11T21:04:58Z" finished-at="2019-07-11T21:05:00Z">
          <reporter-output>
          </reporter-output>
        </test-method> <!-- setUp -->
        <test-method status="PASS" signature="init()[pri:0, instance:test.calcColPageNewBtnTest@4f18837a]" name="init" is-config="true" duration-ms="9290" started-at="2019-07-11T21:05:00Z" finished-at="2019-07-11T21:05:09Z">
          <reporter-output>
          </reporter-output>
        </test-method> <!-- init -->
        <test-method status="PASS" signature="validateDisplayMessagesTest()[pri:1, instance:test.calcColPageNewBtnTest@4f18837a]" name="validateDisplayMessagesTest" duration-ms="2703" started-at="2019-07-11T21:05:09Z" finished-at="2019-07-11T21:05:12Z">
          <reporter-output>
          </reporter-output>
        </test-method> <!-- validateDisplayMessagesTest -->
        <test-method status="PASS" signature="close()[pri:0, instance:test.calcColPageNewBtnTest@4f18837a]" name="close" is-config="true" duration-ms="1084" started-at="2019-07-11T21:05:12Z" finished-at="2019-07-11T21:05:13Z">
          <reporter-output>
          </reporter-output>
        </test-method> <!-- close -->
        <test-method status="PASS" signature="init()[pri:0, instance:test.calcColPageNewBtnTest@4f18837a]" name="init" is-config="true" duration-ms="7592" started-at="2019-07-11T21:05:13Z" finished-at="2019-07-11T21:05:21Z">
          <reporter-output>
          </reporter-output>
        </test-method> <!-- init -->
        <test-method status="PASS" signature="validateCancelNoBtnTest()[pri:2, instance:test.calcColPageNewBtnTest@4f18837a]" name="validateCancelNoBtnTest" duration-ms="3139" started-at="2019-07-11T21:05:21Z" finished-at="2019-07-11T21:05:24Z">
          <reporter-output>
          </reporter-output>
        </test-method> <!-- validateCancelNoBtnTest -->
        <test-method status="PASS" signature="close()[pri:0, instance:test.calcColPageNewBtnTest@4f18837a]" name="close" is-config="true" duration-ms="1111" started-at="2019-07-11T21:05:24Z" finished-at="2019-07-11T21:05:25Z">
          <reporter-output>
          </reporter-output>
        </test-method> <!-- close -->
        <test-method status="PASS" signature="init()[pri:0, instance:test.calcColPageNewBtnTest@4f18837a]" name="init" is-config="true" duration-ms="7518" started-at="2019-07-11T21:05:25Z" finished-at="2019-07-11T21:05:32Z">
          <reporter-output>
          </reporter-output>
        </test-method> <!-- init -->
        <test-method status="PASS" signature="validateCancelYesBtnTest()[pri:3, instance:test.calcColPageNewBtnTest@4f18837a]" name="validateCancelYesBtnTest" duration-ms="4150" started-at="2019-07-11T21:05:32Z" finished-at="2019-07-11T21:05:37Z">
          <reporter-output>
          </reporter-output>
        </test-method> <!-- validateCancelYesBtnTest -->
        <test-method status="PASS" signature="close()[pri:0, instance:test.calcColPageNewBtnTest@4f18837a]" name="close" is-config="true" duration-ms="1030" started-at="2019-07-11T21:05:37Z" finished-at="2019-07-11T21:05:38Z">
          <reporter-output>
          </reporter-output>
        </test-method> <!-- close -->
        <test-method status="PASS" signature="sendMail()[pri:0, instance:test.calcColPageNewBtnTest@4f18837a]" name="sendMail" is-config="true" duration-ms="1" started-at="2019-07-11T21:05:38Z" finished-at="2019-07-11T21:05:38Z">
          <reporter-output>
          </reporter-output>
        </test-method> <!-- sendMail -->
      </class> <!-- test.calcColPageNewBtnTest -->
    </test> <!-- Default test -->
  </suite> <!-- Default suite -->
</testng-results>
