<?xml version="1.0" encoding="UTF-8"?>
<!-- Generated by org.testng.reporters.JUnitXMLReporter -->
<testsuite hostname="USC-W-2406ST2" ignored="0" name="Connection Page Test" tests="2" failures="0" timestamp="08 Jul 2019 21:22:57 GMT" time="17.448" errors="0">
  <testcase name="ValidateConnPageTestnTable" time="1.311" classname="test.ConnectionsPageTest"/>
  <testcase name="ValidateTopConnPageTestnTable" time="1.37" classname="test.ConnectionsPageTest"/>
</testsuite> <!-- Connection Page Test -->
