<?xml version="1.0" encoding="UTF-8"?>
<!-- Generated by org.testng.reporters.JUnitXMLReporter -->
<testsuite hostname="USC-W-2406ST2" ignored="0" name="Home Page Test" tests="6" failures="0" timestamp="08 Jul 2019 21:21:55 GMT" time="57.112" errors="0">
  <testcase name="HomePageTitleTest" time="0.012" classname="test.HomePageTest"/>
  <testcase name="verifyWelcomeMessage" time="1.713" classname="test.HomePageTest"/>
  <testcase name="clickOnConnTest" time="1.489" classname="test.HomePageTest"/>
  <testcase name="clickOnModuleTest" time="1.338" classname="test.HomePageTest"/>
  <testcase name="clickOnWidgetsTest" time="1.378" classname="test.HomePageTest"/>
  <testcase name="clickOnCGITest" time="5.178" classname="test.HomePageTest"/>
</testsuite> <!-- Home Page Test -->
