<?xml version="1.0" encoding="UTF-8"?>
<!-- Generated by org.testng.reporters.JUnitXMLReporter -->
<testsuite hostname="USC-W-2406ST2" ignored="0" name="Top Menu bar Test" tests="5" failures="0" timestamp="08 Jul 2019 21:22:39 GMT" time="44.071" errors="0">
  <testcase name="ClickOnUCDashboardTest" time="1.291" classname="test.TopMenuBarTest"/>
  <testcase name="ClickOnCalcColsTest" time="1.56" classname="test.TopMenuBarTest"/>
  <testcase name="ClickOnCondStylesTest" time="1.241" classname="test.TopMenuBarTest"/>
  <testcase name="ClickOnStylesTest" time="1.332" classname="test.TopMenuBarTest"/>
  <testcase name="ClickOnThemesTest" time="1.469" classname="test.TopMenuBarTest"/>
</testsuite> <!-- Top Menu bar Test -->
